[07-Dec-2021 17:38:39 UTC] PHP Parse error:  syntax error, unexpected ')' in C:\Users\kotni\Local Sites\testuniversity\app\public\wp-content\themes\fictional-university-theme\page.php on line 20
[07-Dec-2021 17:39:17 UTC] PHP Fatal error:  Uncaught ArgumentCountError: Too few arguments to function wp_get_post_parent_id(), 0 passed in C:\Users\kotni\Local Sites\testuniversity\app\public\wp-content\themes\fictional-university-theme\page.php on line 23 and exactly 1 expected in C:\Users\kotni\Local Sites\testuniversity\app\public\wp-includes\post.php:7434
Stack trace:
#0 C:\Users\kotni\Local Sites\testuniversity\app\public\wp-content\themes\fictional-university-theme\page.php(23): wp_get_post_parent_id()
#1 C:\Users\kotni\Local Sites\testuniversity\app\public\wp-includes\template-loader.php(106): include('C:\\Users\\kotni\\...')
#2 C:\Users\kotni\Local Sites\testuniversity\app\public\wp-blog-header.php(19): require_once('C:\\Users\\kotni\\...')
#3 C:\Users\kotni\Local Sites\testuniversity\app\public\index.php(17): require('C:\\Users\\kotni\\...')
#4 {main}
  thrown in C:\Users\kotni\Local Sites\testuniversity\app\public\wp-includes\post.php on line 7434
[07-Dec-2021 17:39:18 UTC] PHP Fatal error:  Uncaught ArgumentCountError: Too few arguments to function wp_get_post_parent_id(), 0 passed in C:\Users\kotni\Local Sites\testuniversity\app\public\wp-content\themes\fictional-university-theme\page.php on line 23 and exactly 1 expected in C:\Users\kotni\Local Sites\testuniversity\app\public\wp-includes\post.php:7434
Stack trace:
#0 C:\Users\kotni\Local Sites\testuniversity\app\public\wp-content\themes\fictional-university-theme\page.php(23): wp_get_post_parent_id()
#1 C:\Users\kotni\Local Sites\testuniversity\app\public\wp-includes\template-loader.php(106): include('C:\\Users\\kotni\\...')
#2 C:\Users\kotni\Local Sites\testuniversity\app\public\wp-blog-header.php(19): require_once('C:\\Users\\kotni\\...')
#3 C:\Users\kotni\Local Sites\testuniversity\app\public\index.php(17): require('C:\\Users\\kotni\\...')
#4 {main}
  thrown in C:\Users\kotni\Local Sites\testuniversity\app\public\wp-includes\post.php on line 7434
[07-Dec-2021 17:43:25 UTC] PHP Fatal error:  Uncaught Error: Call to undefined function wp_get_post_parent_title() in C:\Users\kotni\Local Sites\testuniversity\app\public\wp-content\themes\fictional-university-theme\page.php:24
Stack trace:
#0 C:\Users\kotni\Local Sites\testuniversity\app\public\wp-includes\template-loader.php(106): include()
#1 C:\Users\kotni\Local Sites\testuniversity\app\public\wp-blog-header.php(19): require_once('C:\\Users\\kotni\\...')
#2 C:\Users\kotni\Local Sites\testuniversity\app\public\index.php(17): require('C:\\Users\\kotni\\...')
#3 {main}
  thrown in C:\Users\kotni\Local Sites\testuniversity\app\public\wp-content\themes\fictional-university-theme\page.php on line 24
[07-Dec-2021 17:43:25 UTC] PHP Fatal error:  Uncaught Error: Call to undefined function wp_get_post_parent_title() in C:\Users\kotni\Local Sites\testuniversity\app\public\wp-content\themes\fictional-university-theme\page.php:24
Stack trace:
#0 C:\Users\kotni\Local Sites\testuniversity\app\public\wp-includes\template-loader.php(106): include()
#1 C:\Users\kotni\Local Sites\testuniversity\app\public\wp-blog-header.php(19): require_once('C:\\Users\\kotni\\...')
#2 C:\Users\kotni\Local Sites\testuniversity\app\public\index.php(17): require('C:\\Users\\kotni\\...')
#3 {main}
  thrown in C:\Users\kotni\Local Sites\testuniversity\app\public\wp-content\themes\fictional-university-theme\page.php on line 24
[08-Dec-2021 19:57:15 UTC] Xdebug: [Step Debug] Time-out connecting to debugging client, waited: 200 ms. Tried: localhost:9000 (fallback through xdebug.client_host/xdebug.client_port) :-(
[08-Dec-2021 19:57:15 UTC] Xdebug: [Step Debug] Time-out connecting to debugging client, waited: 200 ms. Tried: localhost:9000 (fallback through xdebug.client_host/xdebug.client_port) :-(
[08-Dec-2021 19:57:15 UTC] Xdebug: [Step Debug] Time-out connecting to debugging client, waited: 200 ms. Tried: localhost:9000 (fallback through xdebug.client_host/xdebug.client_port) :-(
[08-Dec-2021 19:57:15 UTC] Xdebug: [Step Debug] Time-out connecting to debugging client, waited: 200 ms. Tried: localhost:9000 (fallback through xdebug.client_host/xdebug.client_port) :-(
[08-Dec-2021 19:57:15 UTC] Xdebug: [Step Debug] Time-out connecting to debugging client, waited: 200 ms. Tried: localhost:9000 (fallback through xdebug.client_host/xdebug.client_port) :-(
[08-Dec-2021 19:57:15 UTC] Xdebug: [Step Debug] Time-out connecting to debugging client, waited: 200 ms. Tried: localhost:9000 (fallback through xdebug.client_host/xdebug.client_port) :-(
[08-Dec-2021 19:57:16 UTC] Xdebug: [Step Debug] Time-out connecting to debugging client, waited: 200 ms. Tried: localhost:9000 (fallback through xdebug.client_host/xdebug.client_port) :-(
[08-Dec-2021 19:57:16 UTC] Xdebug: [Step Debug] Time-out connecting to debugging client, waited: 200 ms. Tried: localhost:9000 (fallback through xdebug.client_host/xdebug.client_port) :-(
[08-Dec-2021 19:57:18 UTC] Xdebug: [Step Debug] Time-out connecting to debugging client, waited: 200 ms. Tried: localhost:9000 (fallback through xdebug.client_host/xdebug.client_port) :-(
[08-Dec-2021 19:57:18 UTC] Xdebug: [Step Debug] Time-out connecting to debugging client, waited: 200 ms. Tried: localhost:9000 (fallback through xdebug.client_host/xdebug.client_port) :-(
[08-Dec-2021 19:57:18 UTC] Xdebug: [Step Debug] Time-out connecting to debugging client, waited: 200 ms. Tried: localhost:9000 (fallback through xdebug.client_host/xdebug.client_port) :-(
[08-Dec-2021 19:57:19 UTC] Xdebug: [Step Debug] Time-out connecting to debugging client, waited: 200 ms. Tried: localhost:9000 (fallback through xdebug.client_host/xdebug.client_port) :-(
[08-Dec-2021 19:57:19 UTC] Xdebug: [Step Debug] Time-out connecting to debugging client, waited: 200 ms. Tried: localhost:9000 (fallback through xdebug.client_host/xdebug.client_port) :-(
[08-Dec-2021 19:57:19 UTC] Xdebug: [Step Debug] Time-out connecting to debugging client, waited: 200 ms. Tried: localhost:9000 (fallback through xdebug.client_host/xdebug.client_port) :-(
[08-Dec-2021 19:57:19 UTC] Xdebug: [Step Debug] Time-out connecting to debugging client, waited: 200 ms. Tried: localhost:9000 (fallback through xdebug.client_host/xdebug.client_port) :-(
[08-Dec-2021 19:57:19 UTC] Xdebug: [Step Debug] Time-out connecting to debugging client, waited: 200 ms. Tried: localhost:9000 (fallback through xdebug.client_host/xdebug.client_port) :-(
[08-Dec-2021 19:57:57 UTC] Xdebug: [Step Debug] Time-out connecting to debugging client, waited: 200 ms. Tried: ::1:9000 (from HTTP_X_FORWARDED_FOR HTTP header), localhost:9000 (fallback through xdebug.client_host/xdebug.client_port) :-(
[08-Dec-2021 19:57:58 UTC] Xdebug: [Step Debug] Time-out connecting to debugging client, waited: 200 ms. Tried: ::1:9000 (from HTTP_X_FORWARDED_FOR HTTP header), localhost:9000 (fallback through xdebug.client_host/xdebug.client_port) :-(
[08-Dec-2021 19:57:59 UTC] Xdebug: [Step Debug] Time-out connecting to debugging client, waited: 200 ms. Tried: ::1:9000 (from HTTP_X_FORWARDED_FOR HTTP header), localhost:9000 (fallback through xdebug.client_host/xdebug.client_port) :-(
[08-Dec-2021 19:58:00 UTC] Xdebug: [Step Debug] Time-out connecting to debugging client, waited: 200 ms. Tried: ::1:9000 (from HTTP_X_FORWARDED_FOR HTTP header), localhost:9000 (fallback through xdebug.client_host/xdebug.client_port) :-(
[08-Dec-2021 19:59:17 UTC] Xdebug: [Step Debug] Time-out connecting to debugging client, waited: 200 ms. Tried: ::1:9000 (from HTTP_X_FORWARDED_FOR HTTP header), localhost:9000 (fallback through xdebug.client_host/xdebug.client_port) :-(
[08-Dec-2021 19:59:18 UTC] Xdebug: [Step Debug] Time-out connecting to debugging client, waited: 200 ms. Tried: ::1:9000 (from HTTP_X_FORWARDED_FOR HTTP header), localhost:9000 (fallback through xdebug.client_host/xdebug.client_port) :-(
[08-Dec-2021 19:59:19 UTC] Xdebug: [Step Debug] Time-out connecting to debugging client, waited: 200 ms. Tried: ::1:9000 (from HTTP_X_FORWARDED_FOR HTTP header), localhost:9000 (fallback through xdebug.client_host/xdebug.client_port) :-(
[08-Dec-2021 19:59:19 UTC] Xdebug: [Step Debug] Time-out connecting to debugging client, waited: 200 ms. Tried: ::1:9000 (from HTTP_X_FORWARDED_FOR HTTP header), localhost:9000 (fallback through xdebug.client_host/xdebug.client_port) :-(
[08-Dec-2021 19:59:29 UTC] Xdebug: [Step Debug] Time-out connecting to debugging client, waited: 200 ms. Tried: ::1:9000 (from HTTP_X_FORWARDED_FOR HTTP header), localhost:9000 (fallback through xdebug.client_host/xdebug.client_port) :-(
[08-Dec-2021 19:59:29 UTC] Xdebug: [Step Debug] Time-out connecting to debugging client, waited: 200 ms. Tried: ::1:9000 (from HTTP_X_FORWARDED_FOR HTTP header), localhost:9000 (fallback through xdebug.client_host/xdebug.client_port) :-(
[08-Dec-2021 19:59:30 UTC] Xdebug: [Step Debug] Time-out connecting to debugging client, waited: 200 ms. Tried: ::1:9000 (from HTTP_X_FORWARDED_FOR HTTP header), localhost:9000 (fallback through xdebug.client_host/xdebug.client_port) :-(
[08-Dec-2021 19:59:31 UTC] Xdebug: [Step Debug] Time-out connecting to debugging client, waited: 200 ms. Tried: ::1:9000 (from HTTP_X_FORWARDED_FOR HTTP header), localhost:9000 (fallback through xdebug.client_host/xdebug.client_port) :-(
[08-Dec-2021 19:59:32 UTC] Xdebug: [Step Debug] Time-out connecting to debugging client, waited: 200 ms. Tried: ::1:9000 (from HTTP_X_FORWARDED_FOR HTTP header), localhost:9000 (fallback through xdebug.client_host/xdebug.client_port) :-(
[08-Dec-2021 19:59:32 UTC] Xdebug: [Step Debug] Time-out connecting to debugging client, waited: 200 ms. Tried: ::1:9000 (from HTTP_X_FORWARDED_FOR HTTP header), localhost:9000 (fallback through xdebug.client_host/xdebug.client_port) :-(
[08-Dec-2021 19:59:33 UTC] Xdebug: [Step Debug] Time-out connecting to debugging client, waited: 200 ms. Tried: ::1:9000 (from HTTP_X_FORWARDED_FOR HTTP header), localhost:9000 (fallback through xdebug.client_host/xdebug.client_port) :-(
[08-Dec-2021 19:59:33 UTC] Xdebug: [Step Debug] Time-out connecting to debugging client, waited: 200 ms. Tried: ::1:9000 (from HTTP_X_FORWARDED_FOR HTTP header), localhost:9000 (fallback through xdebug.client_host/xdebug.client_port) :-(
[08-Dec-2021 19:59:51 UTC] Xdebug: [Step Debug] Time-out connecting to debugging client, waited: 200 ms. Tried: ::1:9000 (from HTTP_X_FORWARDED_FOR HTTP header), localhost:9000 (fallback through xdebug.client_host/xdebug.client_port) :-(
[08-Dec-2021 19:59:51 UTC] Xdebug: [Step Debug] Time-out connecting to debugging client, waited: 200 ms. Tried: ::1:9000 (from HTTP_X_FORWARDED_FOR HTTP header), localhost:9000 (fallback through xdebug.client_host/xdebug.client_port) :-(
[08-Dec-2021 19:59:52 UTC] Xdebug: [Step Debug] Time-out connecting to debugging client, waited: 200 ms. Tried: ::1:9000 (from HTTP_X_FORWARDED_FOR HTTP header), localhost:9000 (fallback through xdebug.client_host/xdebug.client_port) :-(
[08-Dec-2021 19:59:53 UTC] Xdebug: [Step Debug] Time-out connecting to debugging client, waited: 200 ms. Tried: ::1:9000 (from HTTP_X_FORWARDED_FOR HTTP header), localhost:9000 (fallback through xdebug.client_host/xdebug.client_port) :-(
[08-Dec-2021 19:59:54 UTC] Xdebug: [Step Debug] Time-out connecting to debugging client, waited: 200 ms. Tried: ::1:9000 (from HTTP_X_FORWARDED_FOR HTTP header), localhost:9000 (fallback through xdebug.client_host/xdebug.client_port) :-(
[08-Dec-2021 19:59:54 UTC] Xdebug: [Step Debug] Time-out connecting to debugging client, waited: 200 ms. Tried: ::1:9000 (from HTTP_X_FORWARDED_FOR HTTP header), localhost:9000 (fallback through xdebug.client_host/xdebug.client_port) :-(
[08-Dec-2021 19:59:55 UTC] Xdebug: [Step Debug] Time-out connecting to debugging client, waited: 200 ms. Tried: ::1:9000 (from HTTP_X_FORWARDED_FOR HTTP header), localhost:9000 (fallback through xdebug.client_host/xdebug.client_port) :-(
[08-Dec-2021 19:59:56 UTC] Xdebug: [Step Debug] Time-out connecting to debugging client, waited: 200 ms. Tried: ::1:9000 (from HTTP_X_FORWARDED_FOR HTTP header), localhost:9000 (fallback through xdebug.client_host/xdebug.client_port) :-(
[08-Dec-2021 20:01:15 UTC] Xdebug: [Step Debug] Time-out connecting to debugging client, waited: 200 ms. Tried: ::1:9000 (from HTTP_X_FORWARDED_FOR HTTP header), localhost:9000 (fallback through xdebug.client_host/xdebug.client_port) :-(
[08-Dec-2021 20:01:15 UTC] Xdebug: [Step Debug] Time-out connecting to debugging client, waited: 200 ms. Tried: ::1:9000 (from HTTP_X_FORWARDED_FOR HTTP header), localhost:9000 (fallback through xdebug.client_host/xdebug.client_port) :-(
[08-Dec-2021 20:01:16 UTC] Xdebug: [Step Debug] Time-out connecting to debugging client, waited: 200 ms. Tried: ::1:9000 (from HTTP_X_FORWARDED_FOR HTTP header), localhost:9000 (fallback through xdebug.client_host/xdebug.client_port) :-(
[08-Dec-2021 20:01:17 UTC] Xdebug: [Step Debug] Time-out connecting to debugging client, waited: 200 ms. Tried: ::1:9000 (from HTTP_X_FORWARDED_FOR HTTP header), localhost:9000 (fallback through xdebug.client_host/xdebug.client_port) :-(
[08-Dec-2021 20:02:15 UTC] Xdebug: [Step Debug] Time-out connecting to debugging client, waited: 200 ms. Tried: ::1:9000 (from HTTP_X_FORWARDED_FOR HTTP header), localhost:9000 (fallback through xdebug.client_host/xdebug.client_port) :-(
[08-Dec-2021 20:02:15 UTC] Xdebug: [Step Debug] Time-out connecting to debugging client, waited: 200 ms. Tried: ::1:9000 (from HTTP_X_FORWARDED_FOR HTTP header), localhost:9000 (fallback through xdebug.client_host/xdebug.client_port) :-(
[08-Dec-2021 20:02:16 UTC] Xdebug: [Step Debug] Time-out connecting to debugging client, waited: 200 ms. Tried: ::1:9000 (from HTTP_X_FORWARDED_FOR HTTP header), localhost:9000 (fallback through xdebug.client_host/xdebug.client_port) :-(
[08-Dec-2021 20:02:17 UTC] Xdebug: [Step Debug] Time-out connecting to debugging client, waited: 200 ms. Tried: ::1:9000 (from HTTP_X_FORWARDED_FOR HTTP header), localhost:9000 (fallback through xdebug.client_host/xdebug.client_port) :-(
[08-Dec-2021 20:02:48 UTC] Xdebug: [Step Debug] Time-out connecting to debugging client, waited: 200 ms. Tried: ::1:9000 (from HTTP_X_FORWARDED_FOR HTTP header), localhost:9000 (fallback through xdebug.client_host/xdebug.client_port) :-(
[08-Dec-2021 20:02:48 UTC] Xdebug: [Step Debug] Time-out connecting to debugging client, waited: 200 ms. Tried: ::1:9000 (from HTTP_X_FORWARDED_FOR HTTP header), localhost:9000 (fallback through xdebug.client_host/xdebug.client_port) :-(
[08-Dec-2021 20:02:49 UTC] Xdebug: [Step Debug] Time-out connecting to debugging client, waited: 200 ms. Tried: ::1:9000 (from HTTP_X_FORWARDED_FOR HTTP header), localhost:9000 (fallback through xdebug.client_host/xdebug.client_port) :-(
[08-Dec-2021 20:02:50 UTC] Xdebug: [Step Debug] Time-out connecting to debugging client, waited: 200 ms. Tried: ::1:9000 (from HTTP_X_FORWARDED_FOR HTTP header), localhost:9000 (fallback through xdebug.client_host/xdebug.client_port) :-(
[08-Dec-2021 20:02:50 UTC] Xdebug: [Step Debug] Time-out connecting to debugging client, waited: 200 ms. Tried: ::1:9000 (from HTTP_X_FORWARDED_FOR HTTP header), localhost:9000 (fallback through xdebug.client_host/xdebug.client_port) :-(
[08-Dec-2021 20:02:51 UTC] Xdebug: [Step Debug] Time-out connecting to debugging client, waited: 200 ms. Tried: ::1:9000 (from HTTP_X_FORWARDED_FOR HTTP header), localhost:9000 (fallback through xdebug.client_host/xdebug.client_port) :-(
[08-Dec-2021 20:02:52 UTC] Xdebug: [Step Debug] Time-out connecting to debugging client, waited: 200 ms. Tried: ::1:9000 (from HTTP_X_FORWARDED_FOR HTTP header), localhost:9000 (fallback through xdebug.client_host/xdebug.client_port) :-(
[08-Dec-2021 20:02:52 UTC] Xdebug: [Step Debug] Time-out connecting to debugging client, waited: 200 ms. Tried: ::1:9000 (from HTTP_X_FORWARDED_FOR HTTP header), localhost:9000 (fallback through xdebug.client_host/xdebug.client_port) :-(
[08-Dec-2021 20:02:53 UTC] Xdebug: [Step Debug] Time-out connecting to debugging client, waited: 200 ms. Tried: ::1:9000 (from HTTP_X_FORWARDED_FOR HTTP header), localhost:9000 (fallback through xdebug.client_host/xdebug.client_port) :-(
[08-Dec-2021 20:02:53 UTC] Xdebug: [Step Debug] Time-out connecting to debugging client, waited: 200 ms. Tried: ::1:9000 (from HTTP_X_FORWARDED_FOR HTTP header), localhost:9000 (fallback through xdebug.client_host/xdebug.client_port) :-(
[08-Dec-2021 20:02:54 UTC] Xdebug: [Step Debug] Time-out connecting to debugging client, waited: 200 ms. Tried: ::1:9000 (from HTTP_X_FORWARDED_FOR HTTP header), localhost:9000 (fallback through xdebug.client_host/xdebug.client_port) :-(
[08-Dec-2021 20:02:55 UTC] Xdebug: [Step Debug] Time-out connecting to debugging client, waited: 200 ms. Tried: ::1:9000 (from HTTP_X_FORWARDED_FOR HTTP header), localhost:9000 (fallback through xdebug.client_host/xdebug.client_port) :-(
[08-Dec-2021 20:02:56 UTC] Xdebug: [Step Debug] Time-out connecting to debugging client, waited: 200 ms. Tried: ::1:9000 (from HTTP_X_FORWARDED_FOR HTTP header), localhost:9000 (fallback through xdebug.client_host/xdebug.client_port) :-(
[08-Dec-2021 20:02:56 UTC] Xdebug: [Step Debug] Time-out connecting to debugging client, waited: 200 ms. Tried: ::1:9000 (from HTTP_X_FORWARDED_FOR HTTP header), localhost:9000 (fallback through xdebug.client_host/xdebug.client_port) :-(
[08-Dec-2021 20:02:57 UTC] Xdebug: [Step Debug] Time-out connecting to debugging client, waited: 200 ms. Tried: ::1:9000 (from HTTP_X_FORWARDED_FOR HTTP header), localhost:9000 (fallback through xdebug.client_host/xdebug.client_port) :-(
[08-Dec-2021 20:02:57 UTC] Xdebug: [Step Debug] Time-out connecting to debugging client, waited: 200 ms. Tried: ::1:9000 (from HTTP_X_FORWARDED_FOR HTTP header), localhost:9000 (fallback through xdebug.client_host/xdebug.client_port) :-(
[08-Dec-2021 20:02:57 UTC] Xdebug: [Step Debug] Time-out connecting to debugging client, waited: 200 ms. Tried: ::1:9000 (from HTTP_X_FORWARDED_FOR HTTP header), localhost:9000 (fallback through xdebug.client_host/xdebug.client_port) :-(
[08-Dec-2021 20:02:57 UTC] Xdebug: [Step Debug] Time-out connecting to debugging client, waited: 200 ms. Tried: ::1:9000 (from HTTP_X_FORWARDED_FOR HTTP header), localhost:9000 (fallback through xdebug.client_host/xdebug.client_port) :-(
[08-Dec-2021 20:02:58 UTC] Xdebug: [Step Debug] Time-out connecting to debugging client, waited: 200 ms. Tried: ::1:9000 (from HTTP_X_FORWARDED_FOR HTTP header), localhost:9000 (fallback through xdebug.client_host/xdebug.client_port) :-(
[08-Dec-2021 20:02:58 UTC] Xdebug: [Step Debug] Time-out connecting to debugging client, waited: 200 ms. Tried: ::1:9000 (from HTTP_X_FORWARDED_FOR HTTP header), localhost:9000 (fallback through xdebug.client_host/xdebug.client_port) :-(
[08-Dec-2021 20:02:59 UTC] Xdebug: [Step Debug] Time-out connecting to debugging client, waited: 200 ms. Tried: ::1:9000 (from HTTP_X_FORWARDED_FOR HTTP header), localhost:9000 (fallback through xdebug.client_host/xdebug.client_port) :-(
[08-Dec-2021 20:02:59 UTC] Xdebug: [Step Debug] Time-out connecting to debugging client, waited: 200 ms. Tried: ::1:9000 (from HTTP_X_FORWARDED_FOR HTTP header), localhost:9000 (fallback through xdebug.client_host/xdebug.client_port) :-(
[08-Dec-2021 20:02:59 UTC] Xdebug: [Step Debug] Time-out connecting to debugging client, waited: 200 ms. Tried: ::1:9000 (from HTTP_X_FORWARDED_FOR HTTP header), localhost:9000 (fallback through xdebug.client_host/xdebug.client_port) :-(
[08-Dec-2021 20:03:00 UTC] Xdebug: [Step Debug] Time-out connecting to debugging client, waited: 200 ms. Tried: ::1:9000 (from HTTP_X_FORWARDED_FOR HTTP header), localhost:9000 (fallback through xdebug.client_host/xdebug.client_port) :-(
[08-Dec-2021 20:03:55 UTC] Xdebug: [Step Debug] Time-out connecting to debugging client, waited: 200 ms. Tried: ::1:9000 (from HTTP_X_FORWARDED_FOR HTTP header), localhost:9000 (fallback through xdebug.client_host/xdebug.client_port) :-(
[08-Dec-2021 20:03:56 UTC] Xdebug: [Step Debug] Time-out connecting to debugging client, waited: 200 ms. Tried: ::1:9000 (from HTTP_X_FORWARDED_FOR HTTP header), localhost:9000 (fallback through xdebug.client_host/xdebug.client_port) :-(
[08-Dec-2021 20:03:57 UTC] Xdebug: [Step Debug] Time-out connecting to debugging client, waited: 200 ms. Tried: ::1:9000 (from HTTP_X_FORWARDED_FOR HTTP header), localhost:9000 (fallback through xdebug.client_host/xdebug.client_port) :-(
[08-Dec-2021 20:03:57 UTC] Xdebug: [Step Debug] Time-out connecting to debugging client, waited: 200 ms. Tried: ::1:9000 (from HTTP_X_FORWARDED_FOR HTTP header), localhost:9000 (fallback through xdebug.client_host/xdebug.client_port) :-(
[08-Dec-2021 20:03:57 UTC] Xdebug: [Step Debug] Time-out connecting to debugging client, waited: 200 ms. Tried: ::1:9000 (from HTTP_X_FORWARDED_FOR HTTP header), localhost:9000 (fallback through xdebug.client_host/xdebug.client_port) :-(
[08-Dec-2021 20:03:58 UTC] Xdebug: [Step Debug] Time-out connecting to debugging client, waited: 200 ms. Tried: ::1:9000 (from HTTP_X_FORWARDED_FOR HTTP header), localhost:9000 (fallback through xdebug.client_host/xdebug.client_port) :-(
[08-Dec-2021 20:03:58 UTC] Xdebug: [Step Debug] Time-out connecting to debugging client, waited: 200 ms. Tried: ::1:9000 (from HTTP_X_FORWARDED_FOR HTTP header), localhost:9000 (fallback through xdebug.client_host/xdebug.client_port) :-(
[08-Dec-2021 20:03:59 UTC] Xdebug: [Step Debug] Time-out connecting to debugging client, waited: 200 ms. Tried: ::1:9000 (from HTTP_X_FORWARDED_FOR HTTP header), localhost:9000 (fallback through xdebug.client_host/xdebug.client_port) :-(
[08-Dec-2021 20:03:59 UTC] Xdebug: [Step Debug] Time-out connecting to debugging client, waited: 200 ms. Tried: ::1:9000 (from HTTP_X_FORWARDED_FOR HTTP header), localhost:9000 (fallback through xdebug.client_host/xdebug.client_port) :-(
[08-Dec-2021 20:03:59 UTC] Xdebug: [Step Debug] Time-out connecting to debugging client, waited: 200 ms. Tried: ::1:9000 (from HTTP_X_FORWARDED_FOR HTTP header), localhost:9000 (fallback through xdebug.client_host/xdebug.client_port) :-(
[08-Dec-2021 20:03:59 UTC] Xdebug: [Step Debug] Time-out connecting to debugging client, waited: 200 ms. Tried: ::1:9000 (from HTTP_X_FORWARDED_FOR HTTP header), localhost:9000 (fallback through xdebug.client_host/xdebug.client_port) :-(
[08-Dec-2021 20:04:00 UTC] Xdebug: [Step Debug] Time-out connecting to debugging client, waited: 200 ms. Tried: ::1:9000 (from HTTP_X_FORWARDED_FOR HTTP header), localhost:9000 (fallback through xdebug.client_host/xdebug.client_port) :-(
[08-Dec-2021 20:04:01 UTC] Xdebug: [Step Debug] Time-out connecting to debugging client, waited: 200 ms. Tried: ::1:9000 (from HTTP_X_FORWARDED_FOR HTTP header), localhost:9000 (fallback through xdebug.client_host/xdebug.client_port) :-(
[08-Dec-2021 20:04:02 UTC] Xdebug: [Step Debug] Time-out connecting to debugging client, waited: 200 ms. Tried: ::1:9000 (from HTTP_X_FORWARDED_FOR HTTP header), localhost:9000 (fallback through xdebug.client_host/xdebug.client_port) :-(
[08-Dec-2021 20:04:02 UTC] Xdebug: [Step Debug] Time-out connecting to debugging client, waited: 200 ms. Tried: ::1:9000 (from HTTP_X_FORWARDED_FOR HTTP header), localhost:9000 (fallback through xdebug.client_host/xdebug.client_port) :-(
[08-Dec-2021 20:04:03 UTC] Xdebug: [Step Debug] Time-out connecting to debugging client, waited: 200 ms. Tried: ::1:9000 (from HTTP_X_FORWARDED_FOR HTTP header), localhost:9000 (fallback through xdebug.client_host/xdebug.client_port) :-(
[08-Dec-2021 20:04:13 UTC] Xdebug: [Step Debug] Time-out connecting to debugging client, waited: 200 ms. Tried: ::1:9000 (from HTTP_X_FORWARDED_FOR HTTP header), localhost:9000 (fallback through xdebug.client_host/xdebug.client_port) :-(
[08-Dec-2021 20:04:14 UTC] Xdebug: [Step Debug] Time-out connecting to debugging client, waited: 200 ms. Tried: ::1:9000 (from HTTP_X_FORWARDED_FOR HTTP header), localhost:9000 (fallback through xdebug.client_host/xdebug.client_port) :-(
[08-Dec-2021 20:04:15 UTC] Xdebug: [Step Debug] Time-out connecting to debugging client, waited: 200 ms. Tried: ::1:9000 (from HTTP_X_FORWARDED_FOR HTTP header), localhost:9000 (fallback through xdebug.client_host/xdebug.client_port) :-(
[08-Dec-2021 20:04:15 UTC] Xdebug: [Step Debug] Time-out connecting to debugging client, waited: 200 ms. Tried: ::1:9000 (from HTTP_X_FORWARDED_FOR HTTP header), localhost:9000 (fallback through xdebug.client_host/xdebug.client_port) :-(
[08-Dec-2021 20:04:16 UTC] Xdebug: [Step Debug] Time-out connecting to debugging client, waited: 200 ms. Tried: ::1:9000 (from HTTP_X_FORWARDED_FOR HTTP header), localhost:9000 (fallback through xdebug.client_host/xdebug.client_port) :-(
[08-Dec-2021 20:04:17 UTC] Xdebug: [Step Debug] Time-out connecting to debugging client, waited: 200 ms. Tried: ::1:9000 (from HTTP_X_FORWARDED_FOR HTTP header), localhost:9000 (fallback through xdebug.client_host/xdebug.client_port) :-(
[08-Dec-2021 20:04:18 UTC] Xdebug: [Step Debug] Time-out connecting to debugging client, waited: 200 ms. Tried: ::1:9000 (from HTTP_X_FORWARDED_FOR HTTP header), localhost:9000 (fallback through xdebug.client_host/xdebug.client_port) :-(
[08-Dec-2021 20:04:18 UTC] Xdebug: [Step Debug] Time-out connecting to debugging client, waited: 200 ms. Tried: ::1:9000 (from HTTP_X_FORWARDED_FOR HTTP header), localhost:9000 (fallback through xdebug.client_host/xdebug.client_port) :-(
[08-Dec-2021 20:05:16 UTC] Xdebug: [Step Debug] Time-out connecting to debugging client, waited: 200 ms. Tried: ::1:9000 (from HTTP_X_FORWARDED_FOR HTTP header), localhost:9000 (fallback through xdebug.client_host/xdebug.client_port) :-(
[08-Dec-2021 20:05:17 UTC] Xdebug: [Step Debug] Time-out connecting to debugging client, waited: 200 ms. Tried: ::1:9000 (from HTTP_X_FORWARDED_FOR HTTP header), localhost:9000 (fallback through xdebug.client_host/xdebug.client_port) :-(
[08-Dec-2021 20:05:18 UTC] Xdebug: [Step Debug] Time-out connecting to debugging client, waited: 200 ms. Tried: ::1:9000 (from HTTP_X_FORWARDED_FOR HTTP header), localhost:9000 (fallback through xdebug.client_host/xdebug.client_port) :-(
[08-Dec-2021 20:05:18 UTC] Xdebug: [Step Debug] Time-out connecting to debugging client, waited: 200 ms. Tried: ::1:9000 (from HTTP_X_FORWARDED_FOR HTTP header), localhost:9000 (fallback through xdebug.client_host/xdebug.client_port) :-(
[08-Dec-2021 20:05:45 UTC] Xdebug: [Step Debug] Time-out connecting to debugging client, waited: 200 ms. Tried: ::1:9000 (from HTTP_X_FORWARDED_FOR HTTP header), localhost:9000 (fallback through xdebug.client_host/xdebug.client_port) :-(
[08-Dec-2021 20:05:46 UTC] Xdebug: [Step Debug] Time-out connecting to debugging client, waited: 200 ms. Tried: ::1:9000 (from HTTP_X_FORWARDED_FOR HTTP header), localhost:9000 (fallback through xdebug.client_host/xdebug.client_port) :-(
[08-Dec-2021 20:05:46 UTC] Xdebug: [Step Debug] Time-out connecting to debugging client, waited: 200 ms. Tried: ::1:9000 (from HTTP_X_FORWARDED_FOR HTTP header), localhost:9000 (fallback through xdebug.client_host/xdebug.client_port) :-(
[08-Dec-2021 20:05:47 UTC] Xdebug: [Step Debug] Time-out connecting to debugging client, waited: 200 ms. Tried: ::1:9000 (from HTTP_X_FORWARDED_FOR HTTP header), localhost:9000 (fallback through xdebug.client_host/xdebug.client_port) :-(
[08-Dec-2021 20:05:48 UTC] Xdebug: [Step Debug] Time-out connecting to debugging client, waited: 200 ms. Tried: ::1:9000 (from HTTP_X_FORWARDED_FOR HTTP header), localhost:9000 (fallback through xdebug.client_host/xdebug.client_port) :-(
[08-Dec-2021 20:05:48 UTC] Xdebug: [Step Debug] Time-out connecting to debugging client, waited: 200 ms. Tried: ::1:9000 (from HTTP_X_FORWARDED_FOR HTTP header), localhost:9000 (fallback through xdebug.client_host/xdebug.client_port) :-(
[08-Dec-2021 20:05:49 UTC] Xdebug: [Step Debug] Time-out connecting to debugging client, waited: 200 ms. Tried: ::1:9000 (from HTTP_X_FORWARDED_FOR HTTP header), localhost:9000 (fallback through xdebug.client_host/xdebug.client_port) :-(
[08-Dec-2021 20:05:50 UTC] Xdebug: [Step Debug] Time-out connecting to debugging client, waited: 200 ms. Tried: ::1:9000 (from HTTP_X_FORWARDED_FOR HTTP header), localhost:9000 (fallback through xdebug.client_host/xdebug.client_port) :-(
[08-Dec-2021 20:05:52 UTC] Xdebug: [Step Debug] Time-out connecting to debugging client, waited: 200 ms. Tried: ::1:9000 (from HTTP_X_FORWARDED_FOR HTTP header), localhost:9000 (fallback through xdebug.client_host/xdebug.client_port) :-(
[08-Dec-2021 20:05:52 UTC] Xdebug: [Step Debug] Time-out connecting to debugging client, waited: 200 ms. Tried: ::1:9000 (from HTTP_X_FORWARDED_FOR HTTP header), localhost:9000 (fallback through xdebug.client_host/xdebug.client_port) :-(
[08-Dec-2021 20:05:53 UTC] Xdebug: [Step Debug] Time-out connecting to debugging client, waited: 200 ms. Tried: ::1:9000 (from HTTP_X_FORWARDED_FOR HTTP header), localhost:9000 (fallback through xdebug.client_host/xdebug.client_port) :-(
[08-Dec-2021 20:05:53 UTC] Xdebug: [Step Debug] Time-out connecting to debugging client, waited: 200 ms. Tried: ::1:9000 (from HTTP_X_FORWARDED_FOR HTTP header), localhost:9000 (fallback through xdebug.client_host/xdebug.client_port) :-(
[08-Dec-2021 20:05:55 UTC] Xdebug: [Step Debug] Time-out connecting to debugging client, waited: 200 ms. Tried: ::1:9000 (from HTTP_X_FORWARDED_FOR HTTP header), localhost:9000 (fallback through xdebug.client_host/xdebug.client_port) :-(
[08-Dec-2021 20:05:55 UTC] Xdebug: [Step Debug] Time-out connecting to debugging client, waited: 200 ms. Tried: ::1:9000 (from HTTP_X_FORWARDED_FOR HTTP header), localhost:9000 (fallback through xdebug.client_host/xdebug.client_port) :-(
[08-Dec-2021 20:05:56 UTC] Xdebug: [Step Debug] Time-out connecting to debugging client, waited: 200 ms. Tried: ::1:9000 (from HTTP_X_FORWARDED_FOR HTTP header), localhost:9000 (fallback through xdebug.client_host/xdebug.client_port) :-(
[08-Dec-2021 20:05:56 UTC] Xdebug: [Step Debug] Time-out connecting to debugging client, waited: 200 ms. Tried: ::1:9000 (from HTTP_X_FORWARDED_FOR HTTP header), localhost:9000 (fallback through xdebug.client_host/xdebug.client_port) :-(
[08-Dec-2021 20:06:52 UTC] Xdebug: [Step Debug] Time-out connecting to debugging client, waited: 200 ms. Tried: ::1:9000 (from HTTP_X_FORWARDED_FOR HTTP header), localhost:9000 (fallback through xdebug.client_host/xdebug.client_port) :-(
[08-Dec-2021 20:06:52 UTC] Xdebug: [Step Debug] Time-out connecting to debugging client, waited: 200 ms. Tried: ::1:9000 (from HTTP_X_FORWARDED_FOR HTTP header), localhost:9000 (fallback through xdebug.client_host/xdebug.client_port) :-(
[08-Dec-2021 20:06:53 UTC] Xdebug: [Step Debug] Time-out connecting to debugging client, waited: 200 ms. Tried: ::1:9000 (from HTTP_X_FORWARDED_FOR HTTP header), localhost:9000 (fallback through xdebug.client_host/xdebug.client_port) :-(
[08-Dec-2021 20:06:53 UTC] Xdebug: [Step Debug] Time-out connecting to debugging client, waited: 200 ms. Tried: ::1:9000 (from HTTP_X_FORWARDED_FOR HTTP header), localhost:9000 (fallback through xdebug.client_host/xdebug.client_port) :-(
[08-Dec-2021 20:06:54 UTC] Xdebug: [Step Debug] Time-out connecting to debugging client, waited: 200 ms. Tried: ::1:9000 (from HTTP_X_FORWARDED_FOR HTTP header), localhost:9000 (fallback through xdebug.client_host/xdebug.client_port) :-(
[08-Dec-2021 20:06:55 UTC] Xdebug: [Step Debug] Time-out connecting to debugging client, waited: 200 ms. Tried: ::1:9000 (from HTTP_X_FORWARDED_FOR HTTP header), localhost:9000 (fallback through xdebug.client_host/xdebug.client_port) :-(
[08-Dec-2021 20:06:56 UTC] Xdebug: [Step Debug] Time-out connecting to debugging client, waited: 200 ms. Tried: ::1:9000 (from HTTP_X_FORWARDED_FOR HTTP header), localhost:9000 (fallback through xdebug.client_host/xdebug.client_port) :-(
[08-Dec-2021 20:06:56 UTC] Xdebug: [Step Debug] Time-out connecting to debugging client, waited: 200 ms. Tried: ::1:9000 (from HTTP_X_FORWARDED_FOR HTTP header), localhost:9000 (fallback through xdebug.client_host/xdebug.client_port) :-(
[08-Dec-2021 20:07:54 UTC] Xdebug: [Step Debug] Time-out connecting to debugging client, waited: 200 ms. Tried: ::1:9000 (from HTTP_X_FORWARDED_FOR HTTP header), localhost:9000 (fallback through xdebug.client_host/xdebug.client_port) :-(
[08-Dec-2021 20:07:55 UTC] Xdebug: [Step Debug] Time-out connecting to debugging client, waited: 200 ms. Tried: ::1:9000 (from HTTP_X_FORWARDED_FOR HTTP header), localhost:9000 (fallback through xdebug.client_host/xdebug.client_port) :-(
[08-Dec-2021 20:07:56 UTC] Xdebug: [Step Debug] Time-out connecting to debugging client, waited: 200 ms. Tried: ::1:9000 (from HTTP_X_FORWARDED_FOR HTTP header), localhost:9000 (fallback through xdebug.client_host/xdebug.client_port) :-(
[08-Dec-2021 20:07:56 UTC] Xdebug: [Step Debug] Time-out connecting to debugging client, waited: 200 ms. Tried: ::1:9000 (from HTTP_X_FORWARDED_FOR HTTP header), localhost:9000 (fallback through xdebug.client_host/xdebug.client_port) :-(
[08-Dec-2021 20:08:13 UTC] Xdebug: [Step Debug] Time-out connecting to debugging client, waited: 200 ms. Tried: ::1:9000 (from HTTP_X_FORWARDED_FOR HTTP header), localhost:9000 (fallback through xdebug.client_host/xdebug.client_port) :-(
[08-Dec-2021 20:08:13 UTC] Xdebug: [Step Debug] Time-out connecting to debugging client, waited: 200 ms. Tried: ::1:9000 (from HTTP_X_FORWARDED_FOR HTTP header), localhost:9000 (fallback through xdebug.client_host/xdebug.client_port) :-(
[08-Dec-2021 20:08:14 UTC] Xdebug: [Step Debug] Time-out connecting to debugging client, waited: 200 ms. Tried: ::1:9000 (from HTTP_X_FORWARDED_FOR HTTP header), localhost:9000 (fallback through xdebug.client_host/xdebug.client_port) :-(
[08-Dec-2021 20:08:14 UTC] Xdebug: [Step Debug] Time-out connecting to debugging client, waited: 200 ms. Tried: ::1:9000 (from HTTP_X_FORWARDED_FOR HTTP header), localhost:9000 (fallback through xdebug.client_host/xdebug.client_port) :-(
[08-Dec-2021 20:08:15 UTC] Xdebug: [Step Debug] Time-out connecting to debugging client, waited: 200 ms. Tried: ::1:9000 (from HTTP_X_FORWARDED_FOR HTTP header), localhost:9000 (fallback through xdebug.client_host/xdebug.client_port) :-(
[08-Dec-2021 20:08:16 UTC] Xdebug: [Step Debug] Time-out connecting to debugging client, waited: 200 ms. Tried: ::1:9000 (from HTTP_X_FORWARDED_FOR HTTP header), localhost:9000 (fallback through xdebug.client_host/xdebug.client_port) :-(
[08-Dec-2021 20:08:17 UTC] Xdebug: [Step Debug] Time-out connecting to debugging client, waited: 200 ms. Tried: ::1:9000 (from HTTP_X_FORWARDED_FOR HTTP header), localhost:9000 (fallback through xdebug.client_host/xdebug.client_port) :-(
[08-Dec-2021 20:08:17 UTC] Xdebug: [Step Debug] Time-out connecting to debugging client, waited: 200 ms. Tried: ::1:9000 (from HTTP_X_FORWARDED_FOR HTTP header), localhost:9000 (fallback through xdebug.client_host/xdebug.client_port) :-(
[08-Dec-2021 20:08:17 UTC] Xdebug: [Step Debug] Time-out connecting to debugging client, waited: 200 ms. Tried: ::1:9000 (from HTTP_X_FORWARDED_FOR HTTP header), localhost:9000 (fallback through xdebug.client_host/xdebug.client_port) :-(
[08-Dec-2021 20:08:17 UTC] Xdebug: [Step Debug] Time-out connecting to debugging client, waited: 200 ms. Tried: ::1:9000 (from HTTP_X_FORWARDED_FOR HTTP header), localhost:9000 (fallback through xdebug.client_host/xdebug.client_port) :-(
[08-Dec-2021 20:08:18 UTC] Xdebug: [Step Debug] Time-out connecting to debugging client, waited: 200 ms. Tried: ::1:9000 (from HTTP_X_FORWARDED_FOR HTTP header), localhost:9000 (fallback through xdebug.client_host/xdebug.client_port) :-(
[08-Dec-2021 20:08:19 UTC] Xdebug: [Step Debug] Time-out connecting to debugging client, waited: 200 ms. Tried: ::1:9000 (from HTTP_X_FORWARDED_FOR HTTP header), localhost:9000 (fallback through xdebug.client_host/xdebug.client_port) :-(
[08-Dec-2021 20:08:20 UTC] Xdebug: [Step Debug] Time-out connecting to debugging client, waited: 200 ms. Tried: ::1:9000 (from HTTP_X_FORWARDED_FOR HTTP header), localhost:9000 (fallback through xdebug.client_host/xdebug.client_port) :-(
[08-Dec-2021 20:08:20 UTC] Xdebug: [Step Debug] Time-out connecting to debugging client, waited: 200 ms. Tried: ::1:9000 (from HTTP_X_FORWARDED_FOR HTTP header), localhost:9000 (fallback through xdebug.client_host/xdebug.client_port) :-(
[08-Dec-2021 20:08:21 UTC] Xdebug: [Step Debug] Time-out connecting to debugging client, waited: 200 ms. Tried: ::1:9000 (from HTTP_X_FORWARDED_FOR HTTP header), localhost:9000 (fallback through xdebug.client_host/xdebug.client_port) :-(
[08-Dec-2021 20:08:21 UTC] Xdebug: [Step Debug] Time-out connecting to debugging client, waited: 200 ms. Tried: ::1:9000 (from HTTP_X_FORWARDED_FOR HTTP header), localhost:9000 (fallback through xdebug.client_host/xdebug.client_port) :-(
[08-Dec-2021 20:08:34 UTC] Xdebug: [Step Debug] Time-out connecting to debugging client, waited: 200 ms. Tried: ::1:9000 (from HTTP_X_FORWARDED_FOR HTTP header), localhost:9000 (fallback through xdebug.client_host/xdebug.client_port) :-(
[08-Dec-2021 20:08:35 UTC] Xdebug: [Step Debug] Time-out connecting to debugging client, waited: 200 ms. Tried: ::1:9000 (from HTTP_X_FORWARDED_FOR HTTP header), localhost:9000 (fallback through xdebug.client_host/xdebug.client_port) :-(
[08-Dec-2021 20:08:36 UTC] Xdebug: [Step Debug] Time-out connecting to debugging client, waited: 200 ms. Tried: ::1:9000 (from HTTP_X_FORWARDED_FOR HTTP header), localhost:9000 (fallback through xdebug.client_host/xdebug.client_port) :-(
[08-Dec-2021 20:08:36 UTC] Xdebug: [Step Debug] Time-out connecting to debugging client, waited: 200 ms. Tried: ::1:9000 (from HTTP_X_FORWARDED_FOR HTTP header), localhost:9000 (fallback through xdebug.client_host/xdebug.client_port) :-(
[08-Dec-2021 20:08:37 UTC] Xdebug: [Step Debug] Time-out connecting to debugging client, waited: 200 ms. Tried: ::1:9000 (from HTTP_X_FORWARDED_FOR HTTP header), localhost:9000 (fallback through xdebug.client_host/xdebug.client_port) :-(
[08-Dec-2021 20:08:38 UTC] Xdebug: [Step Debug] Time-out connecting to debugging client, waited: 200 ms. Tried: ::1:9000 (from HTTP_X_FORWARDED_FOR HTTP header), localhost:9000 (fallback through xdebug.client_host/xdebug.client_port) :-(
[08-Dec-2021 20:08:39 UTC] Xdebug: [Step Debug] Time-out connecting to debugging client, waited: 200 ms. Tried: ::1:9000 (from HTTP_X_FORWARDED_FOR HTTP header), localhost:9000 (fallback through xdebug.client_host/xdebug.client_port) :-(
[08-Dec-2021 20:08:39 UTC] Xdebug: [Step Debug] Time-out connecting to debugging client, waited: 200 ms. Tried: ::1:9000 (from HTTP_X_FORWARDED_FOR HTTP header), localhost:9000 (fallback through xdebug.client_host/xdebug.client_port) :-(
[08-Dec-2021 20:08:48 UTC] Xdebug: [Step Debug] Time-out connecting to debugging client, waited: 200 ms. Tried: ::1:9000 (from HTTP_X_FORWARDED_FOR HTTP header), localhost:9000 (fallback through xdebug.client_host/xdebug.client_port) :-(
[08-Dec-2021 20:08:48 UTC] Xdebug: [Step Debug] Time-out connecting to debugging client, waited: 200 ms. Tried: ::1:9000 (from HTTP_X_FORWARDED_FOR HTTP header), localhost:9000 (fallback through xdebug.client_host/xdebug.client_port) :-(
[08-Dec-2021 20:08:49 UTC] Xdebug: [Step Debug] Time-out connecting to debugging client, waited: 200 ms. Tried: ::1:9000 (from HTTP_X_FORWARDED_FOR HTTP header), localhost:9000 (fallback through xdebug.client_host/xdebug.client_port) :-(
[08-Dec-2021 20:08:50 UTC] Xdebug: [Step Debug] Time-out connecting to debugging client, waited: 200 ms. Tried: ::1:9000 (from HTTP_X_FORWARDED_FOR HTTP header), localhost:9000 (fallback through xdebug.client_host/xdebug.client_port) :-(
[08-Dec-2021 20:08:50 UTC] Xdebug: [Step Debug] Time-out connecting to debugging client, waited: 200 ms. Tried: ::1:9000 (from HTTP_X_FORWARDED_FOR HTTP header), localhost:9000 (fallback through xdebug.client_host/xdebug.client_port) :-(
[08-Dec-2021 20:08:51 UTC] Xdebug: [Step Debug] Time-out connecting to debugging client, waited: 200 ms. Tried: ::1:9000 (from HTTP_X_FORWARDED_FOR HTTP header), localhost:9000 (fallback through xdebug.client_host/xdebug.client_port) :-(
[08-Dec-2021 20:08:51 UTC] Xdebug: [Step Debug] Time-out connecting to debugging client, waited: 200 ms. Tried: ::1:9000 (from HTTP_X_FORWARDED_FOR HTTP header), localhost:9000 (fallback through xdebug.client_host/xdebug.client_port) :-(
[08-Dec-2021 20:08:52 UTC] Xdebug: [Step Debug] Time-out connecting to debugging client, waited: 200 ms. Tried: ::1:9000 (from HTTP_X_FORWARDED_FOR HTTP header), localhost:9000 (fallback through xdebug.client_host/xdebug.client_port) :-(
[08-Dec-2021 20:08:52 UTC] Xdebug: [Step Debug] Time-out connecting to debugging client, waited: 200 ms. Tried: ::1:9000 (from HTTP_X_FORWARDED_FOR HTTP header), localhost:9000 (fallback through xdebug.client_host/xdebug.client_port) :-(
[08-Dec-2021 20:08:52 UTC] Xdebug: [Step Debug] Time-out connecting to debugging client, waited: 200 ms. Tried: ::1:9000 (from HTTP_X_FORWARDED_FOR HTTP header), localhost:9000 (fallback through xdebug.client_host/xdebug.client_port) :-(
[08-Dec-2021 20:08:53 UTC] Xdebug: [Step Debug] Time-out connecting to debugging client, waited: 200 ms. Tried: ::1:9000 (from HTTP_X_FORWARDED_FOR HTTP header), localhost:9000 (fallback through xdebug.client_host/xdebug.client_port) :-(
[08-Dec-2021 20:08:53 UTC] Xdebug: [Step Debug] Time-out connecting to debugging client, waited: 200 ms. Tried: ::1:9000 (from HTTP_X_FORWARDED_FOR HTTP header), localhost:9000 (fallback through xdebug.client_host/xdebug.client_port) :-(
[08-Dec-2021 20:08:54 UTC] Xdebug: [Step Debug] Time-out connecting to debugging client, waited: 200 ms. Tried: ::1:9000 (from HTTP_X_FORWARDED_FOR HTTP header), localhost:9000 (fallback through xdebug.client_host/xdebug.client_port) :-(
[08-Dec-2021 20:08:55 UTC] Xdebug: [Step Debug] Time-out connecting to debugging client, waited: 200 ms. Tried: ::1:9000 (from HTTP_X_FORWARDED_FOR HTTP header), localhost:9000 (fallback through xdebug.client_host/xdebug.client_port) :-(
[08-Dec-2021 20:08:55 UTC] Xdebug: [Step Debug] Time-out connecting to debugging client, waited: 200 ms. Tried: ::1:9000 (from HTTP_X_FORWARDED_FOR HTTP header), localhost:9000 (fallback through xdebug.client_host/xdebug.client_port) :-(
[08-Dec-2021 20:08:55 UTC] Xdebug: [Step Debug] Time-out connecting to debugging client, waited: 200 ms. Tried: ::1:9000 (from HTTP_X_FORWARDED_FOR HTTP header), localhost:9000 (fallback through xdebug.client_host/xdebug.client_port) :-(
[08-Dec-2021 20:08:56 UTC] Xdebug: [Step Debug] Time-out connecting to debugging client, waited: 200 ms. Tried: ::1:9000 (from HTTP_X_FORWARDED_FOR HTTP header), localhost:9000 (fallback through xdebug.client_host/xdebug.client_port) :-(
[08-Dec-2021 20:08:56 UTC] Xdebug: [Step Debug] Time-out connecting to debugging client, waited: 200 ms. Tried: ::1:9000 (from HTTP_X_FORWARDED_FOR HTTP header), localhost:9000 (fallback through xdebug.client_host/xdebug.client_port) :-(
[08-Dec-2021 20:08:56 UTC] Xdebug: [Step Debug] Time-out connecting to debugging client, waited: 200 ms. Tried: ::1:9000 (from HTTP_X_FORWARDED_FOR HTTP header), localhost:9000 (fallback through xdebug.client_host/xdebug.client_port) :-(
[08-Dec-2021 20:08:57 UTC] Xdebug: [Step Debug] Time-out connecting to debugging client, waited: 200 ms. Tried: ::1:9000 (from HTTP_X_FORWARDED_FOR HTTP header), localhost:9000 (fallback through xdebug.client_host/xdebug.client_port) :-(
[08-Dec-2021 20:08:58 UTC] Xdebug: [Step Debug] Time-out connecting to debugging client, waited: 200 ms. Tried: ::1:9000 (from HTTP_X_FORWARDED_FOR HTTP header), localhost:9000 (fallback through xdebug.client_host/xdebug.client_port) :-(
[08-Dec-2021 20:08:59 UTC] Xdebug: [Step Debug] Time-out connecting to debugging client, waited: 200 ms. Tried: ::1:9000 (from HTTP_X_FORWARDED_FOR HTTP header), localhost:9000 (fallback through xdebug.client_host/xdebug.client_port) :-(
[08-Dec-2021 20:08:59 UTC] Xdebug: [Step Debug] Time-out connecting to debugging client, waited: 200 ms. Tried: ::1:9000 (from HTTP_X_FORWARDED_FOR HTTP header), localhost:9000 (fallback through xdebug.client_host/xdebug.client_port) :-(
[08-Dec-2021 20:09:00 UTC] Xdebug: [Step Debug] Time-out connecting to debugging client, waited: 200 ms. Tried: ::1:9000 (from HTTP_X_FORWARDED_FOR HTTP header), localhost:9000 (fallback through xdebug.client_host/xdebug.client_port) :-(
[08-Dec-2021 20:09:18 UTC] Xdebug: [Step Debug] Time-out connecting to debugging client, waited: 200 ms. Tried: ::1:9000 (from HTTP_X_FORWARDED_FOR HTTP header), localhost:9000 (fallback through xdebug.client_host/xdebug.client_port) :-(
[08-Dec-2021 20:09:19 UTC] Xdebug: [Step Debug] Time-out connecting to debugging client, waited: 200 ms. Tried: ::1:9000 (from HTTP_X_FORWARDED_FOR HTTP header), localhost:9000 (fallback through xdebug.client_host/xdebug.client_port) :-(
[08-Dec-2021 20:09:19 UTC] Xdebug: [Step Debug] Time-out connecting to debugging client, waited: 200 ms. Tried: ::1:9000 (from HTTP_X_FORWARDED_FOR HTTP header), localhost:9000 (fallback through xdebug.client_host/xdebug.client_port) :-(
[08-Dec-2021 20:09:20 UTC] Xdebug: [Step Debug] Time-out connecting to debugging client, waited: 200 ms. Tried: ::1:9000 (from HTTP_X_FORWARDED_FOR HTTP header), localhost:9000 (fallback through xdebug.client_host/xdebug.client_port) :-(
[08-Dec-2021 20:09:21 UTC] Xdebug: [Step Debug] Time-out connecting to debugging client, waited: 200 ms. Tried: ::1:9000 (from HTTP_X_FORWARDED_FOR HTTP header), localhost:9000 (fallback through xdebug.client_host/xdebug.client_port) :-(
[08-Dec-2021 20:09:21 UTC] Xdebug: [Step Debug] Time-out connecting to debugging client, waited: 200 ms. Tried: ::1:9000 (from HTTP_X_FORWARDED_FOR HTTP header), localhost:9000 (fallback through xdebug.client_host/xdebug.client_port) :-(
[08-Dec-2021 20:09:22 UTC] Xdebug: [Step Debug] Time-out connecting to debugging client, waited: 200 ms. Tried: ::1:9000 (from HTTP_X_FORWARDED_FOR HTTP header), localhost:9000 (fallback through xdebug.client_host/xdebug.client_port) :-(
[08-Dec-2021 20:09:23 UTC] Xdebug: [Step Debug] Time-out connecting to debugging client, waited: 200 ms. Tried: ::1:9000 (from HTTP_X_FORWARDED_FOR HTTP header), localhost:9000 (fallback through xdebug.client_host/xdebug.client_port) :-(
[08-Dec-2021 20:09:24 UTC] Xdebug: [Step Debug] Time-out connecting to debugging client, waited: 200 ms. Tried: ::1:9000 (from HTTP_X_FORWARDED_FOR HTTP header), localhost:9000 (fallback through xdebug.client_host/xdebug.client_port) :-(
[08-Dec-2021 20:09:24 UTC] Xdebug: [Step Debug] Time-out connecting to debugging client, waited: 200 ms. Tried: ::1:9000 (from HTTP_X_FORWARDED_FOR HTTP header), localhost:9000 (fallback through xdebug.client_host/xdebug.client_port) :-(
[08-Dec-2021 20:09:25 UTC] Xdebug: [Step Debug] Time-out connecting to debugging client, waited: 200 ms. Tried: ::1:9000 (from HTTP_X_FORWARDED_FOR HTTP header), localhost:9000 (fallback through xdebug.client_host/xdebug.client_port) :-(
[08-Dec-2021 20:09:25 UTC] Xdebug: [Step Debug] Time-out connecting to debugging client, waited: 200 ms. Tried: ::1:9000 (from HTTP_X_FORWARDED_FOR HTTP header), localhost:9000 (fallback through xdebug.client_host/xdebug.client_port) :-(
[08-Dec-2021 20:09:41 UTC] Xdebug: [Step Debug] Time-out connecting to debugging client, waited: 200 ms. Tried: ::1:9000 (from HTTP_X_FORWARDED_FOR HTTP header), localhost:9000 (fallback through xdebug.client_host/xdebug.client_port) :-(
[08-Dec-2021 20:09:42 UTC] Xdebug: [Step Debug] Time-out connecting to debugging client, waited: 200 ms. Tried: ::1:9000 (from HTTP_X_FORWARDED_FOR HTTP header), localhost:9000 (fallback through xdebug.client_host/xdebug.client_port) :-(
[08-Dec-2021 20:09:43 UTC] Xdebug: [Step Debug] Time-out connecting to debugging client, waited: 200 ms. Tried: ::1:9000 (from HTTP_X_FORWARDED_FOR HTTP header), localhost:9000 (fallback through xdebug.client_host/xdebug.client_port) :-(
[08-Dec-2021 20:09:43 UTC] Xdebug: [Step Debug] Time-out connecting to debugging client, waited: 200 ms. Tried: ::1:9000 (from HTTP_X_FORWARDED_FOR HTTP header), localhost:9000 (fallback through xdebug.client_host/xdebug.client_port) :-(
[08-Dec-2021 20:09:44 UTC] Xdebug: [Step Debug] Time-out connecting to debugging client, waited: 200 ms. Tried: ::1:9000 (from HTTP_X_FORWARDED_FOR HTTP header), localhost:9000 (fallback through xdebug.client_host/xdebug.client_port) :-(
[08-Dec-2021 20:09:45 UTC] Xdebug: [Step Debug] Time-out connecting to debugging client, waited: 200 ms. Tried: ::1:9000 (from HTTP_X_FORWARDED_FOR HTTP header), localhost:9000 (fallback through xdebug.client_host/xdebug.client_port) :-(
[08-Dec-2021 20:09:46 UTC] Xdebug: [Step Debug] Time-out connecting to debugging client, waited: 200 ms. Tried: ::1:9000 (from HTTP_X_FORWARDED_FOR HTTP header), localhost:9000 (fallback through xdebug.client_host/xdebug.client_port) :-(
[08-Dec-2021 20:09:46 UTC] Xdebug: [Step Debug] Time-out connecting to debugging client, waited: 200 ms. Tried: ::1:9000 (from HTTP_X_FORWARDED_FOR HTTP header), localhost:9000 (fallback through xdebug.client_host/xdebug.client_port) :-(
[08-Dec-2021 20:10:00 UTC] Xdebug: [Step Debug] Time-out connecting to debugging client, waited: 200 ms. Tried: ::1:9000 (from HTTP_X_FORWARDED_FOR HTTP header), localhost:9000 (fallback through xdebug.client_host/xdebug.client_port) :-(
[08-Dec-2021 20:10:01 UTC] Xdebug: [Step Debug] Time-out connecting to debugging client, waited: 200 ms. Tried: ::1:9000 (from HTTP_X_FORWARDED_FOR HTTP header), localhost:9000 (fallback through xdebug.client_host/xdebug.client_port) :-(
[08-Dec-2021 20:10:02 UTC] Xdebug: [Step Debug] Time-out connecting to debugging client, waited: 200 ms. Tried: ::1:9000 (from HTTP_X_FORWARDED_FOR HTTP header), localhost:9000 (fallback through xdebug.client_host/xdebug.client_port) :-(
[08-Dec-2021 20:10:02 UTC] Xdebug: [Step Debug] Time-out connecting to debugging client, waited: 200 ms. Tried: ::1:9000 (from HTTP_X_FORWARDED_FOR HTTP header), localhost:9000 (fallback through xdebug.client_host/xdebug.client_port) :-(
[08-Dec-2021 20:10:03 UTC] Xdebug: [Step Debug] Time-out connecting to debugging client, waited: 200 ms. Tried: ::1:9000 (from HTTP_X_FORWARDED_FOR HTTP header), localhost:9000 (fallback through xdebug.client_host/xdebug.client_port) :-(
[08-Dec-2021 20:10:04 UTC] Xdebug: [Step Debug] Time-out connecting to debugging client, waited: 200 ms. Tried: ::1:9000 (from HTTP_X_FORWARDED_FOR HTTP header), localhost:9000 (fallback through xdebug.client_host/xdebug.client_port) :-(
[08-Dec-2021 20:10:05 UTC] Xdebug: [Step Debug] Time-out connecting to debugging client, waited: 200 ms. Tried: ::1:9000 (from HTTP_X_FORWARDED_FOR HTTP header), localhost:9000 (fallback through xdebug.client_host/xdebug.client_port) :-(
[08-Dec-2021 20:10:05 UTC] Xdebug: [Step Debug] Time-out connecting to debugging client, waited: 200 ms. Tried: ::1:9000 (from HTTP_X_FORWARDED_FOR HTTP header), localhost:9000 (fallback through xdebug.client_host/xdebug.client_port) :-(
[08-Dec-2021 20:10:29 UTC] Xdebug: [Step Debug] Time-out connecting to debugging client, waited: 200 ms. Tried: ::1:9000 (from HTTP_X_FORWARDED_FOR HTTP header), localhost:9000 (fallback through xdebug.client_host/xdebug.client_port) :-(
[08-Dec-2021 20:10:30 UTC] Xdebug: [Step Debug] Time-out connecting to debugging client, waited: 200 ms. Tried: ::1:9000 (from HTTP_X_FORWARDED_FOR HTTP header), localhost:9000 (fallback through xdebug.client_host/xdebug.client_port) :-(
[08-Dec-2021 20:10:30 UTC] Xdebug: [Step Debug] Time-out connecting to debugging client, waited: 200 ms. Tried: ::1:9000 (from HTTP_X_FORWARDED_FOR HTTP header), localhost:9000 (fallback through xdebug.client_host/xdebug.client_port) :-(
[08-Dec-2021 20:10:31 UTC] Xdebug: [Step Debug] Time-out connecting to debugging client, waited: 200 ms. Tried: ::1:9000 (from HTTP_X_FORWARDED_FOR HTTP header), localhost:9000 (fallback through xdebug.client_host/xdebug.client_port) :-(
[08-Dec-2021 20:10:36 UTC] Xdebug: [Step Debug] Time-out connecting to debugging client, waited: 200 ms. Tried: ::1:9000 (from HTTP_X_FORWARDED_FOR HTTP header), localhost:9000 (fallback through xdebug.client_host/xdebug.client_port) :-(
[08-Dec-2021 20:10:36 UTC] Xdebug: [Step Debug] Time-out connecting to debugging client, waited: 200 ms. Tried: ::1:9000 (from HTTP_X_FORWARDED_FOR HTTP header), localhost:9000 (fallback through xdebug.client_host/xdebug.client_port) :-(
[08-Dec-2021 20:10:37 UTC] Xdebug: [Step Debug] Time-out connecting to debugging client, waited: 200 ms. Tried: ::1:9000 (from HTTP_X_FORWARDED_FOR HTTP header), localhost:9000 (fallback through xdebug.client_host/xdebug.client_port) :-(
[08-Dec-2021 20:10:38 UTC] Xdebug: [Step Debug] Time-out connecting to debugging client, waited: 200 ms. Tried: ::1:9000 (from HTTP_X_FORWARDED_FOR HTTP header), localhost:9000 (fallback through xdebug.client_host/xdebug.client_port) :-(
[08-Dec-2021 20:10:39 UTC] Xdebug: [Step Debug] Time-out connecting to debugging client, waited: 200 ms. Tried: ::1:9000 (from HTTP_X_FORWARDED_FOR HTTP header), localhost:9000 (fallback through xdebug.client_host/xdebug.client_port) :-(
[08-Dec-2021 20:10:39 UTC] Xdebug: [Step Debug] Time-out connecting to debugging client, waited: 200 ms. Tried: ::1:9000 (from HTTP_X_FORWARDED_FOR HTTP header), localhost:9000 (fallback through xdebug.client_host/xdebug.client_port) :-(
[08-Dec-2021 20:10:39 UTC] Xdebug: [Step Debug] Time-out connecting to debugging client, waited: 200 ms. Tried: ::1:9000 (from HTTP_X_FORWARDED_FOR HTTP header), localhost:9000 (fallback through xdebug.client_host/xdebug.client_port) :-(
[08-Dec-2021 20:10:40 UTC] Xdebug: [Step Debug] Time-out connecting to debugging client, waited: 200 ms. Tried: ::1:9000 (from HTTP_X_FORWARDED_FOR HTTP header), localhost:9000 (fallback through xdebug.client_host/xdebug.client_port) :-(
[08-Dec-2021 20:10:40 UTC] Xdebug: [Step Debug] Time-out connecting to debugging client, waited: 200 ms. Tried: ::1:9000 (from HTTP_X_FORWARDED_FOR HTTP header), localhost:9000 (fallback through xdebug.client_host/xdebug.client_port) :-(
[08-Dec-2021 20:10:40 UTC] Xdebug: [Step Debug] Time-out connecting to debugging client, waited: 200 ms. Tried: ::1:9000 (from HTTP_X_FORWARDED_FOR HTTP header), localhost:9000 (fallback through xdebug.client_host/xdebug.client_port) :-(
[08-Dec-2021 20:10:41 UTC] Xdebug: [Step Debug] Time-out connecting to debugging client, waited: 200 ms. Tried: ::1:9000 (from HTTP_X_FORWARDED_FOR HTTP header), localhost:9000 (fallback through xdebug.client_host/xdebug.client_port) :-(
[08-Dec-2021 20:10:41 UTC] Xdebug: [Step Debug] Time-out connecting to debugging client, waited: 200 ms. Tried: ::1:9000 (from HTTP_X_FORWARDED_FOR HTTP header), localhost:9000 (fallback through xdebug.client_host/xdebug.client_port) :-(
[08-Dec-2021 20:10:42 UTC] Xdebug: [Step Debug] Time-out connecting to debugging client, waited: 200 ms. Tried: ::1:9000 (from HTTP_X_FORWARDED_FOR HTTP header), localhost:9000 (fallback through xdebug.client_host/xdebug.client_port) :-(
[08-Dec-2021 20:10:43 UTC] Xdebug: [Step Debug] Time-out connecting to debugging client, waited: 200 ms. Tried: ::1:9000 (from HTTP_X_FORWARDED_FOR HTTP header), localhost:9000 (fallback through xdebug.client_host/xdebug.client_port) :-(
[08-Dec-2021 20:10:44 UTC] Xdebug: [Step Debug] Time-out connecting to debugging client, waited: 200 ms. Tried: ::1:9000 (from HTTP_X_FORWARDED_FOR HTTP header), localhost:9000 (fallback through xdebug.client_host/xdebug.client_port) :-(
[08-Dec-2021 20:10:44 UTC] Xdebug: [Step Debug] Time-out connecting to debugging client, waited: 200 ms. Tried: ::1:9000 (from HTTP_X_FORWARDED_FOR HTTP header), localhost:9000 (fallback through xdebug.client_host/xdebug.client_port) :-(
[08-Dec-2021 20:10:50 UTC] Xdebug: [Step Debug] Time-out connecting to debugging client, waited: 200 ms. Tried: ::1:9000 (from HTTP_X_FORWARDED_FOR HTTP header), localhost:9000 (fallback through xdebug.client_host/xdebug.client_port) :-(
[08-Dec-2021 20:10:51 UTC] Xdebug: [Step Debug] Time-out connecting to debugging client, waited: 200 ms. Tried: ::1:9000 (from HTTP_X_FORWARDED_FOR HTTP header), localhost:9000 (fallback through xdebug.client_host/xdebug.client_port) :-(
[08-Dec-2021 20:10:51 UTC] Xdebug: [Step Debug] Time-out connecting to debugging client, waited: 200 ms. Tried: ::1:9000 (from HTTP_X_FORWARDED_FOR HTTP header), localhost:9000 (fallback through xdebug.client_host/xdebug.client_port) :-(
[08-Dec-2021 20:10:52 UTC] Xdebug: [Step Debug] Time-out connecting to debugging client, waited: 200 ms. Tried: ::1:9000 (from HTTP_X_FORWARDED_FOR HTTP header), localhost:9000 (fallback through xdebug.client_host/xdebug.client_port) :-(
[08-Dec-2021 20:10:53 UTC] Xdebug: [Step Debug] Time-out connecting to debugging client, waited: 200 ms. Tried: ::1:9000 (from HTTP_X_FORWARDED_FOR HTTP header), localhost:9000 (fallback through xdebug.client_host/xdebug.client_port) :-(
[08-Dec-2021 20:10:53 UTC] Xdebug: [Step Debug] Time-out connecting to debugging client, waited: 200 ms. Tried: ::1:9000 (from HTTP_X_FORWARDED_FOR HTTP header), localhost:9000 (fallback through xdebug.client_host/xdebug.client_port) :-(
[08-Dec-2021 20:10:54 UTC] Xdebug: [Step Debug] Time-out connecting to debugging client, waited: 200 ms. Tried: ::1:9000 (from HTTP_X_FORWARDED_FOR HTTP header), localhost:9000 (fallback through xdebug.client_host/xdebug.client_port) :-(
[08-Dec-2021 20:10:55 UTC] Xdebug: [Step Debug] Time-out connecting to debugging client, waited: 200 ms. Tried: ::1:9000 (from HTTP_X_FORWARDED_FOR HTTP header), localhost:9000 (fallback through xdebug.client_host/xdebug.client_port) :-(
[08-Dec-2021 20:10:56 UTC] Xdebug: [Step Debug] Time-out connecting to debugging client, waited: 200 ms. Tried: ::1:9000 (from HTTP_X_FORWARDED_FOR HTTP header), localhost:9000 (fallback through xdebug.client_host/xdebug.client_port) :-(
[08-Dec-2021 20:10:56 UTC] Xdebug: [Step Debug] Time-out connecting to debugging client, waited: 200 ms. Tried: ::1:9000 (from HTTP_X_FORWARDED_FOR HTTP header), localhost:9000 (fallback through xdebug.client_host/xdebug.client_port) :-(
[08-Dec-2021 20:10:57 UTC] Xdebug: [Step Debug] Time-out connecting to debugging client, waited: 200 ms. Tried: ::1:9000 (from HTTP_X_FORWARDED_FOR HTTP header), localhost:9000 (fallback through xdebug.client_host/xdebug.client_port) :-(
[08-Dec-2021 20:10:58 UTC] Xdebug: [Step Debug] Time-out connecting to debugging client, waited: 200 ms. Tried: ::1:9000 (from HTTP_X_FORWARDED_FOR HTTP header), localhost:9000 (fallback through xdebug.client_host/xdebug.client_port) :-(
[08-Dec-2021 20:11:03 UTC] Xdebug: [Step Debug] Time-out connecting to debugging client, waited: 200 ms. Tried: ::1:9000 (from HTTP_X_FORWARDED_FOR HTTP header), localhost:9000 (fallback through xdebug.client_host/xdebug.client_port) :-(
[08-Dec-2021 20:11:03 UTC] Xdebug: [Step Debug] Time-out connecting to debugging client, waited: 200 ms. Tried: ::1:9000 (from HTTP_X_FORWARDED_FOR HTTP header), localhost:9000 (fallback through xdebug.client_host/xdebug.client_port) :-(
[08-Dec-2021 20:11:04 UTC] Xdebug: [Step Debug] Time-out connecting to debugging client, waited: 200 ms. Tried: ::1:9000 (from HTTP_X_FORWARDED_FOR HTTP header), localhost:9000 (fallback through xdebug.client_host/xdebug.client_port) :-(
[08-Dec-2021 20:11:05 UTC] Xdebug: [Step Debug] Time-out connecting to debugging client, waited: 200 ms. Tried: ::1:9000 (from HTTP_X_FORWARDED_FOR HTTP header), localhost:9000 (fallback through xdebug.client_host/xdebug.client_port) :-(
[08-Dec-2021 20:11:28 UTC] Xdebug: [Step Debug] Time-out connecting to debugging client, waited: 200 ms. Tried: ::1:9000 (from HTTP_X_FORWARDED_FOR HTTP header), localhost:9000 (fallback through xdebug.client_host/xdebug.client_port) :-(
[08-Dec-2021 20:11:29 UTC] Xdebug: [Step Debug] Time-out connecting to debugging client, waited: 200 ms. Tried: ::1:9000 (from HTTP_X_FORWARDED_FOR HTTP header), localhost:9000 (fallback through xdebug.client_host/xdebug.client_port) :-(
[08-Dec-2021 20:11:30 UTC] Xdebug: [Step Debug] Time-out connecting to debugging client, waited: 200 ms. Tried: ::1:9000 (from HTTP_X_FORWARDED_FOR HTTP header), localhost:9000 (fallback through xdebug.client_host/xdebug.client_port) :-(
[08-Dec-2021 20:11:30 UTC] Xdebug: [Step Debug] Time-out connecting to debugging client, waited: 200 ms. Tried: ::1:9000 (from HTTP_X_FORWARDED_FOR HTTP header), localhost:9000 (fallback through xdebug.client_host/xdebug.client_port) :-(
[08-Dec-2021 20:11:56 UTC] Xdebug: [Step Debug] Time-out connecting to debugging client, waited: 200 ms. Tried: ::1:9000 (from HTTP_X_FORWARDED_FOR HTTP header), localhost:9000 (fallback through xdebug.client_host/xdebug.client_port) :-(
[08-Dec-2021 20:11:56 UTC] Xdebug: [Step Debug] Time-out connecting to debugging client, waited: 200 ms. Tried: ::1:9000 (from HTTP_X_FORWARDED_FOR HTTP header), localhost:9000 (fallback through xdebug.client_host/xdebug.client_port) :-(
[08-Dec-2021 20:11:57 UTC] Xdebug: [Step Debug] Time-out connecting to debugging client, waited: 200 ms. Tried: ::1:9000 (from HTTP_X_FORWARDED_FOR HTTP header), localhost:9000 (fallback through xdebug.client_host/xdebug.client_port) :-(
[08-Dec-2021 20:11:58 UTC] Xdebug: [Step Debug] Time-out connecting to debugging client, waited: 200 ms. Tried: ::1:9000 (from HTTP_X_FORWARDED_FOR HTTP header), localhost:9000 (fallback through xdebug.client_host/xdebug.client_port) :-(
[08-Dec-2021 20:12:03 UTC] Xdebug: [Step Debug] Time-out connecting to debugging client, waited: 200 ms. Tried: ::1:9000 (from HTTP_X_FORWARDED_FOR HTTP header), localhost:9000 (fallback through xdebug.client_host/xdebug.client_port) :-(
[08-Dec-2021 20:12:03 UTC] Xdebug: [Step Debug] Time-out connecting to debugging client, waited: 200 ms. Tried: ::1:9000 (from HTTP_X_FORWARDED_FOR HTTP header), localhost:9000 (fallback through xdebug.client_host/xdebug.client_port) :-(
[08-Dec-2021 20:12:04 UTC] Xdebug: [Step Debug] Time-out connecting to debugging client, waited: 200 ms. Tried: ::1:9000 (from HTTP_X_FORWARDED_FOR HTTP header), localhost:9000 (fallback through xdebug.client_host/xdebug.client_port) :-(
[08-Dec-2021 20:12:05 UTC] Xdebug: [Step Debug] Time-out connecting to debugging client, waited: 200 ms. Tried: ::1:9000 (from HTTP_X_FORWARDED_FOR HTTP header), localhost:9000 (fallback through xdebug.client_host/xdebug.client_port) :-(
[08-Dec-2021 20:12:06 UTC] Xdebug: [Step Debug] Time-out connecting to debugging client, waited: 200 ms. Tried: ::1:9000 (from HTTP_X_FORWARDED_FOR HTTP header), localhost:9000 (fallback through xdebug.client_host/xdebug.client_port) :-(
[08-Dec-2021 20:12:06 UTC] Xdebug: [Step Debug] Time-out connecting to debugging client, waited: 200 ms. Tried: ::1:9000 (from HTTP_X_FORWARDED_FOR HTTP header), localhost:9000 (fallback through xdebug.client_host/xdebug.client_port) :-(
[08-Dec-2021 20:12:07 UTC] Xdebug: [Step Debug] Time-out connecting to debugging client, waited: 200 ms. Tried: ::1:9000 (from HTTP_X_FORWARDED_FOR HTTP header), localhost:9000 (fallback through xdebug.client_host/xdebug.client_port) :-(
[08-Dec-2021 20:12:08 UTC] Xdebug: [Step Debug] Time-out connecting to debugging client, waited: 200 ms. Tried: ::1:9000 (from HTTP_X_FORWARDED_FOR HTTP header), localhost:9000 (fallback through xdebug.client_host/xdebug.client_port) :-(
[08-Dec-2021 20:12:15 UTC] Xdebug: [Step Debug] Time-out connecting to debugging client, waited: 200 ms. Tried: ::1:9000 (from HTTP_X_FORWARDED_FOR HTTP header), localhost:9000 (fallback through xdebug.client_host/xdebug.client_port) :-(
[08-Dec-2021 20:12:15 UTC] Xdebug: [Step Debug] Time-out connecting to debugging client, waited: 200 ms. Tried: ::1:9000 (from HTTP_X_FORWARDED_FOR HTTP header), localhost:9000 (fallback through xdebug.client_host/xdebug.client_port) :-(
[08-Dec-2021 20:12:16 UTC] Xdebug: [Step Debug] Time-out connecting to debugging client, waited: 200 ms. Tried: ::1:9000 (from HTTP_X_FORWARDED_FOR HTTP header), localhost:9000 (fallback through xdebug.client_host/xdebug.client_port) :-(
[08-Dec-2021 20:12:17 UTC] Xdebug: [Step Debug] Time-out connecting to debugging client, waited: 200 ms. Tried: ::1:9000 (from HTTP_X_FORWARDED_FOR HTTP header), localhost:9000 (fallback through xdebug.client_host/xdebug.client_port) :-(
[08-Dec-2021 20:12:17 UTC] Xdebug: [Step Debug] Time-out connecting to debugging client, waited: 200 ms. Tried: ::1:9000 (from HTTP_X_FORWARDED_FOR HTTP header), localhost:9000 (fallback through xdebug.client_host/xdebug.client_port) :-(
[08-Dec-2021 20:12:18 UTC] Xdebug: [Step Debug] Time-out connecting to debugging client, waited: 200 ms. Tried: ::1:9000 (from HTTP_X_FORWARDED_FOR HTTP header), localhost:9000 (fallback through xdebug.client_host/xdebug.client_port) :-(
[08-Dec-2021 20:12:19 UTC] Xdebug: [Step Debug] Time-out connecting to debugging client, waited: 200 ms. Tried: ::1:9000 (from HTTP_X_FORWARDED_FOR HTTP header), localhost:9000 (fallback through xdebug.client_host/xdebug.client_port) :-(
[08-Dec-2021 20:12:19 UTC] Xdebug: [Step Debug] Time-out connecting to debugging client, waited: 200 ms. Tried: ::1:9000 (from HTTP_X_FORWARDED_FOR HTTP header), localhost:9000 (fallback through xdebug.client_host/xdebug.client_port) :-(
[08-Dec-2021 20:12:26 UTC] Xdebug: [Step Debug] Time-out connecting to debugging client, waited: 200 ms. Tried: ::1:9000 (from HTTP_X_FORWARDED_FOR HTTP header), localhost:9000 (fallback through xdebug.client_host/xdebug.client_port) :-(
[08-Dec-2021 20:12:26 UTC] Xdebug: [Step Debug] Time-out connecting to debugging client, waited: 200 ms. Tried: ::1:9000 (from HTTP_X_FORWARDED_FOR HTTP header), localhost:9000 (fallback through xdebug.client_host/xdebug.client_port) :-(
[08-Dec-2021 20:12:27 UTC] Xdebug: [Step Debug] Time-out connecting to debugging client, waited: 200 ms. Tried: ::1:9000 (from HTTP_X_FORWARDED_FOR HTTP header), localhost:9000 (fallback through xdebug.client_host/xdebug.client_port) :-(
[08-Dec-2021 20:12:28 UTC] Xdebug: [Step Debug] Time-out connecting to debugging client, waited: 200 ms. Tried: ::1:9000 (from HTTP_X_FORWARDED_FOR HTTP header), localhost:9000 (fallback through xdebug.client_host/xdebug.client_port) :-(
[08-Dec-2021 20:12:29 UTC] Xdebug: [Step Debug] Time-out connecting to debugging client, waited: 200 ms. Tried: ::1:9000 (from HTTP_X_FORWARDED_FOR HTTP header), localhost:9000 (fallback through xdebug.client_host/xdebug.client_port) :-(
[08-Dec-2021 20:12:29 UTC] Xdebug: [Step Debug] Time-out connecting to debugging client, waited: 200 ms. Tried: ::1:9000 (from HTTP_X_FORWARDED_FOR HTTP header), localhost:9000 (fallback through xdebug.client_host/xdebug.client_port) :-(
[08-Dec-2021 20:12:30 UTC] Xdebug: [Step Debug] Time-out connecting to debugging client, waited: 200 ms. Tried: ::1:9000 (from HTTP_X_FORWARDED_FOR HTTP header), localhost:9000 (fallback through xdebug.client_host/xdebug.client_port) :-(
[08-Dec-2021 20:12:31 UTC] Xdebug: [Step Debug] Time-out connecting to debugging client, waited: 200 ms. Tried: ::1:9000 (from HTTP_X_FORWARDED_FOR HTTP header), localhost:9000 (fallback through xdebug.client_host/xdebug.client_port) :-(
[08-Dec-2021 20:13:06 UTC] Xdebug: [Step Debug] Time-out connecting to debugging client, waited: 200 ms. Tried: ::1:9000 (from HTTP_X_FORWARDED_FOR HTTP header), localhost:9000 (fallback through xdebug.client_host/xdebug.client_port) :-(
[08-Dec-2021 20:13:07 UTC] Xdebug: [Step Debug] Time-out connecting to debugging client, waited: 200 ms. Tried: ::1:9000 (from HTTP_X_FORWARDED_FOR HTTP header), localhost:9000 (fallback through xdebug.client_host/xdebug.client_port) :-(
[08-Dec-2021 20:13:08 UTC] Xdebug: [Step Debug] Time-out connecting to debugging client, waited: 200 ms. Tried: ::1:9000 (from HTTP_X_FORWARDED_FOR HTTP header), localhost:9000 (fallback through xdebug.client_host/xdebug.client_port) :-(
[08-Dec-2021 20:13:08 UTC] Xdebug: [Step Debug] Time-out connecting to debugging client, waited: 200 ms. Tried: ::1:9000 (from HTTP_X_FORWARDED_FOR HTTP header), localhost:9000 (fallback through xdebug.client_host/xdebug.client_port) :-(
[08-Dec-2021 20:15:07 UTC] Xdebug: [Step Debug] Time-out connecting to debugging client, waited: 200 ms. Tried: ::1:9000 (from HTTP_X_FORWARDED_FOR HTTP header), localhost:9000 (fallback through xdebug.client_host/xdebug.client_port) :-(
[08-Dec-2021 20:15:08 UTC] Xdebug: [Step Debug] Time-out connecting to debugging client, waited: 200 ms. Tried: ::1:9000 (from HTTP_X_FORWARDED_FOR HTTP header), localhost:9000 (fallback through xdebug.client_host/xdebug.client_port) :-(
[08-Dec-2021 20:15:09 UTC] Xdebug: [Step Debug] Time-out connecting to debugging client, waited: 200 ms. Tried: ::1:9000 (from HTTP_X_FORWARDED_FOR HTTP header), localhost:9000 (fallback through xdebug.client_host/xdebug.client_port) :-(
[08-Dec-2021 20:15:09 UTC] Xdebug: [Step Debug] Time-out connecting to debugging client, waited: 200 ms. Tried: ::1:9000 (from HTTP_X_FORWARDED_FOR HTTP header), localhost:9000 (fallback through xdebug.client_host/xdebug.client_port) :-(
[08-Dec-2021 20:17:08 UTC] Xdebug: [Step Debug] Time-out connecting to debugging client, waited: 200 ms. Tried: ::1:9000 (from HTTP_X_FORWARDED_FOR HTTP header), localhost:9000 (fallback through xdebug.client_host/xdebug.client_port) :-(
[08-Dec-2021 20:17:09 UTC] Xdebug: [Step Debug] Time-out connecting to debugging client, waited: 200 ms. Tried: ::1:9000 (from HTTP_X_FORWARDED_FOR HTTP header), localhost:9000 (fallback through xdebug.client_host/xdebug.client_port) :-(
[08-Dec-2021 20:17:10 UTC] Xdebug: [Step Debug] Time-out connecting to debugging client, waited: 200 ms. Tried: ::1:9000 (from HTTP_X_FORWARDED_FOR HTTP header), localhost:9000 (fallback through xdebug.client_host/xdebug.client_port) :-(
[08-Dec-2021 20:17:10 UTC] Xdebug: [Step Debug] Time-out connecting to debugging client, waited: 200 ms. Tried: ::1:9000 (from HTTP_X_FORWARDED_FOR HTTP header), localhost:9000 (fallback through xdebug.client_host/xdebug.client_port) :-(
[08-Dec-2021 20:19:09 UTC] Xdebug: [Step Debug] Time-out connecting to debugging client, waited: 200 ms. Tried: ::1:9000 (from HTTP_X_FORWARDED_FOR HTTP header), localhost:9000 (fallback through xdebug.client_host/xdebug.client_port) :-(
[08-Dec-2021 20:19:10 UTC] Xdebug: [Step Debug] Time-out connecting to debugging client, waited: 200 ms. Tried: ::1:9000 (from HTTP_X_FORWARDED_FOR HTTP header), localhost:9000 (fallback through xdebug.client_host/xdebug.client_port) :-(
[08-Dec-2021 20:19:11 UTC] Xdebug: [Step Debug] Time-out connecting to debugging client, waited: 200 ms. Tried: ::1:9000 (from HTTP_X_FORWARDED_FOR HTTP header), localhost:9000 (fallback through xdebug.client_host/xdebug.client_port) :-(
[08-Dec-2021 20:19:11 UTC] Xdebug: [Step Debug] Time-out connecting to debugging client, waited: 200 ms. Tried: ::1:9000 (from HTTP_X_FORWARDED_FOR HTTP header), localhost:9000 (fallback through xdebug.client_host/xdebug.client_port) :-(
[08-Dec-2021 20:21:10 UTC] Xdebug: [Step Debug] Time-out connecting to debugging client, waited: 200 ms. Tried: ::1:9000 (from HTTP_X_FORWARDED_FOR HTTP header), localhost:9000 (fallback through xdebug.client_host/xdebug.client_port) :-(
[08-Dec-2021 20:21:11 UTC] Xdebug: [Step Debug] Time-out connecting to debugging client, waited: 200 ms. Tried: ::1:9000 (from HTTP_X_FORWARDED_FOR HTTP header), localhost:9000 (fallback through xdebug.client_host/xdebug.client_port) :-(
[08-Dec-2021 20:21:12 UTC] Xdebug: [Step Debug] Time-out connecting to debugging client, waited: 200 ms. Tried: ::1:9000 (from HTTP_X_FORWARDED_FOR HTTP header), localhost:9000 (fallback through xdebug.client_host/xdebug.client_port) :-(
[08-Dec-2021 20:21:12 UTC] Xdebug: [Step Debug] Time-out connecting to debugging client, waited: 200 ms. Tried: ::1:9000 (from HTTP_X_FORWARDED_FOR HTTP header), localhost:9000 (fallback through xdebug.client_host/xdebug.client_port) :-(
